<?xml version="1.0" encoding="utf-8"?><testsuites name="pytest tests"><testsuite name="pytest" errors="0" failures="0" skipped="0" tests="9" time="37.750" timestamp="2026-09-15T10:03:11.891037+00:00" hostname="agent-env-8cb5b138-8fc4-4e91-a531-89872e4f3b05"><testcase classname="tests.test_public_api_regression" name="test_health_ok" time="0.205" /><testcase classname="tests.test_public_api_regression" name="test_pandals_count_and_shape" time="0.141" /><testcase classname="tests.test_public_api_regression" name="test_dates_count_and_shape" time="0.151" /><testcase classname="tests.test_public_api_regression" name="test_itinerary_create_get_update_remove_persisted" time="0.461" /><testcase classname="tests.test_public_api_regression" name="test_itinerary_rejects_unknown_pandal" time="0.175" /><testcase classname="tests.test_public_api_regression" name="test_itinerary_rejects_visitor_mismatch" time="0.182" /><testcase classname="tests.test_public_api_regression" name="test_itinerary_invalid_uuid_rejected" time="0.128" /><testcase classname="tests.test_public_api_regression" name="test_story_sse_stream_and_history_persist[en-Tell me a short Durga Puja story for a first-time visitor to Kolkata.]" time="13.947" /><testcase classname="tests.test_public_api_regression" name="test_story_sse_stream_and_history_persist[bn-\u0995\u09b2\u0995\u09be\u09a4\u09be\u09b0 \u09a6\u09c1\u09b0\u09cd\u0997\u09be\u09aa\u09c1\u099c\u09cb \u09a8\u09bf\u09af\u09bc\u09c7 \u098f\u0995\u099f\u09bf \u099b\u09cb\u099f \u0997\u09b2\u09cd\u09aa \u09ac\u09b2\u09c1\u09a8\u0964]" time="22.007" /></testsuite></testsuites>